{"name": "test_verify_pagination_table", "status": "broken", "statusDetails": {"message": "selenium.common.exceptions.TimeoutException: Message:", "trace": "self = <test_Pagination_table.Test_pagination_table object at 0x000001F5AF858E10>\n\n    @allure.severity(allure.severity_level.CRITICAL)\n    @pytest.mark.smoke\n    @pytest.mark.order(5)\n    def test_verify_pagination_table(self):\n        loginpage = loginData(self.driver)\n        loginpage.user_login(self.uname, self.pwd)\n        usermgmt = UserManagement_data(self.driver)\n        usermgmt.pagination_table(\"39l7gyp3n3@mailinator.com\")\n>       loginpage.logout_app()\n\nTestCases\\UserManagement\\test_Pagination_table.py:21: \n_ _ _ _ _ _ _ _ _ _ _ _ _ _ _ _ _ _ _ _ _ _ _ _ _ _ _ _ _ _ _ _ _ _ _ _ _ _ _ _ _ _ _ _ _ _ _ _ _ _ _ _ _ _ _ _ _ _ _ _ _ _ _ _ _ _ _ _ _ _ _ _ _ _ _ _ _ _ _\nPageObjects\\LoginPage.py:131: in logout_app\n    self.javascripit_click(self.logout_icon)\nUtilities\\BaseClass.py:69: in javascripit_click\n    web_ele = exp_wait.until(EC.element_to_be_clickable(locator))\n_ _ _ _ _ _ _ _ _ _ _ _ _ _ _ _ _ _ _ _ _ _ _ _ _ _ _ _ _ _ _ _ _ _ _ _ _ _ _ _ _ _ _ _ _ _ _ _ _ _ _ _ _ _ _ _ _ _ _ _ _ _ _ _ _ _ _ _ _ _ _ _ _ _ _ _ _ _ _\n\nself = <selenium.webdriver.support.wait.WebDriverWait (session=\"21239657-bc0d-4067-8b60-6e15cf611349\")>\nmethod = <function element_to_be_clickable.<locals>._predicate at 0x000001F5AF8C6660>, message = ''\n\n    def until(self, method, message: str = \"\"):\n        \"\"\"Calls the method provided with the driver as an argument until the \\\n        return value does not evaluate to ``False``.\n    \n        :param method: callable(WebDriver)\n        :param message: optional message for :exc:`TimeoutException`\n        :returns: the result of the last call to `method`\n        :raises: :exc:`selenium.common.exceptions.TimeoutException` if timeout occurs\n        \"\"\"\n        screen = None\n        stacktrace = None\n    \n        end_time = time.monotonic() + self._timeout\n        while True:\n            try:\n                value = method(self._driver)\n                if value:\n                    return value\n            except self._ignored_exceptions as exc:\n                screen = getattr(exc, \"screen\", None)\n                stacktrace = getattr(exc, \"stacktrace\", None)\n            time.sleep(self._poll)\n            if time.monotonic() > end_time:\n                break\n>       raise TimeoutException(message, screen, stacktrace)\nE       selenium.common.exceptions.TimeoutException: Message:\n\nC:\\Users\\mjasti\\PycharmProjects\\CP StarterKIT Automation\\venv\\Lib\\site-packages\\selenium\\webdriver\\support\\wait.py:95: TimeoutException"}, "start": 1692876458014, "stop": 1692876521126, "uuid": "b2b03ee4-a14c-4b27-b0c6-c18fdc8f8f28", "historyId": "02da5434a2a36832e1bfdd6b6d2b43d7", "testCaseId": "02da5434a2a36832e1bfdd6b6d2b43d7", "fullName": "TestCases.UserManagement.test_Pagination_table.Test_pagination_table#test_verify_pagination_table", "labels": [{"name": "severity", "value": "critical"}, {"name": "tag", "value": "order(5)"}, {"name": "tag", "value": "smoke"}, {"name": "parentSuite", "value": "TestCases.UserManagement"}, {"name": "suite", "value": "test_Pagination_table"}, {"name": "subSuite", "value": "Test_pagination_table"}, {"name": "host", "value": "ENCDAPHYDLT0374"}, {"name": "thread", "value": "8480-MainThread"}, {"name": "framework", "value": "pytest"}, {"name": "language", "value": "cpython3"}, {"name": "package", "value": "TestCases.UserManagement.test_Pagination_table"}]}