{"name": "test_forgot_link", "status": "broken", "statusDetails": {"message": "selenium.common.exceptions.TimeoutException: Message: \nStacktrace:\nRemoteError@chrome://remote/content/shared/RemoteError.sys.mjs:8:8\nWebDriverError@chrome://remote/content/shared/webdriver/Errors.sys.mjs:187:5\nNoSuchElementError@chrome://remote/content/shared/webdriver/Errors.sys.mjs:505:5\nelement.find/</<@chrome://remote/content/marionette/element.sys.mjs:135:16", "trace": "self = <test_forgot_link.Test_Forgot_link testMethod=test_forgot_link>\n\n    @allure.severity(allure.severity_level.CRITICAL)\n    @pytest.mark.smoke\n    @pytest.mark.order(4)\n    def test_forgot_link(self):\n        txt = User_Registration(self.driver).random_email()\n        user_reg = User_Registration(self.driver)\n>       mail = user_reg.add_user(Security_QAs.FName, Security_QAs.LName, user_reg.super_admin, \"Super Admin\")\n\nTestCases\\UserManagement\\test_forgot_link.py:18: \n_ _ _ _ _ _ _ _ _ _ _ _ _ _ _ _ _ _ _ _ _ _ _ _ _ _ _ _ _ _ _ _ _ _ _ _ _ _ _ _ _ _ _ _ _ _ _ _ _ _ _ _ _ _ _ _ _ _ _ _ _ _ _ _ _ _ _ _ _ _ _ _ _ _ _ _ _ _ _\nPageObjects\\User_Registration_Link.py:76: in add_user\n    sucess_msg = self.return_text(self.add_user_msg)\nUtilities\\BaseClass.py:37: in return_text\n    web_ele = exp_wait.until(EC.visibility_of_element_located(locator))\n_ _ _ _ _ _ _ _ _ _ _ _ _ _ _ _ _ _ _ _ _ _ _ _ _ _ _ _ _ _ _ _ _ _ _ _ _ _ _ _ _ _ _ _ _ _ _ _ _ _ _ _ _ _ _ _ _ _ _ _ _ _ _ _ _ _ _ _ _ _ _ _ _ _ _ _ _ _ _\n\nself = <selenium.webdriver.support.wait.WebDriverWait (session=\"1c324ed2-6e09-42f3-bce4-00026dd77901\")>\nmethod = <function visibility_of_element_located.<locals>._predicate at 0x000001F5AF86ACA0>, message = ''\n\n    def until(self, method, message: str = \"\"):\n        \"\"\"Calls the method provided with the driver as an argument until the \\\n        return value does not evaluate to ``False``.\n    \n        :param method: callable(WebDriver)\n        :param message: optional message for :exc:`TimeoutException`\n        :returns: the result of the last call to `method`\n        :raises: :exc:`selenium.common.exceptions.TimeoutException` if timeout occurs\n        \"\"\"\n        screen = None\n        stacktrace = None\n    \n        end_time = time.monotonic() + self._timeout\n        while True:\n            try:\n                value = method(self._driver)\n                if value:\n                    return value\n            except self._ignored_exceptions as exc:\n                screen = getattr(exc, \"screen\", None)\n                stacktrace = getattr(exc, \"stacktrace\", None)\n            time.sleep(self._poll)\n            if time.monotonic() > end_time:\n                break\n>       raise TimeoutException(message, screen, stacktrace)\nE       selenium.common.exceptions.TimeoutException: Message: \nE       Stacktrace:\nE       RemoteError@chrome://remote/content/shared/RemoteError.sys.mjs:8:8\nE       WebDriverError@chrome://remote/content/shared/webdriver/Errors.sys.mjs:187:5\nE       NoSuchElementError@chrome://remote/content/shared/webdriver/Errors.sys.mjs:505:5\nE       element.find/</<@chrome://remote/content/marionette/element.sys.mjs:135:16\n\nC:\\Users\\mjasti\\PycharmProjects\\CP StarterKIT Automation\\venv\\Lib\\site-packages\\selenium\\webdriver\\support\\wait.py:95: TimeoutException"}, "start": 1692876361874, "stop": 1692876442103, "uuid": "b36e8c0b-fee3-47d1-8794-2bc1e7808aac", "historyId": "d5b0dbc3f0b41fdb5a4355bfbb06a907", "testCaseId": "d5b0dbc3f0b41fdb5a4355bfbb06a907", "fullName": "TestCases.UserManagement.test_forgot_link.Test_Forgot_link#test_forgot_link", "labels": [{"name": "severity", "value": "critical"}, {"name": "tag", "value": "order(4)"}, {"name": "tag", "value": "smoke"}, {"name": "parentSuite", "value": "TestCases.UserManagement"}, {"name": "suite", "value": "test_forgot_link"}, {"name": "subSuite", "value": "Test_Forgot_link"}, {"name": "host", "value": "ENCDAPHYDLT0374"}, {"name": "thread", "value": "8480-MainThread"}, {"name": "framework", "value": "pytest"}, {"name": "language", "value": "cpython3"}, {"name": "package", "value": "TestCases.UserManagement.test_forgot_link"}]}