{"name": "test_login_to_app", "status": "broken", "statusDetails": {"message": "selenium.common.exceptions.TimeoutException: Message:", "trace": "self = <test_login_page.Test_Login_page testMethod=test_login_to_app>\n\n    @pytest.mark.smoke\n    @allure.severity(allure.severity_level.BLOCKER)\n    @pytest.mark.order(0)\n    @pytest.mark.dependency()\n    def test_login_to_app(self):\n        loginpage = loginData(self.driver)\n        loginpage.user_login(self.uname, self.pwd)\n>       loginpage.logout_app()\n\nTestCases\\Loginpage\\test_login_page.py:26: \n_ _ _ _ _ _ _ _ _ _ _ _ _ _ _ _ _ _ _ _ _ _ _ _ _ _ _ _ _ _ _ _ _ _ _ _ _ _ _ _ _ _ _ _ _ _ _ _ _ _ _ _ _ _ _ _ _ _ _ _ _ _ _ _ _ _ _ _ _ _ _ _ _ _ _ _ _ _ _\nPageObjects\\LoginPage.py:131: in logout_app\n    self.javascripit_click(self.logout_icon)\nUtilities\\BaseClass.py:69: in javascripit_click\n    web_ele = exp_wait.until(EC.element_to_be_clickable(locator))\n_ _ _ _ _ _ _ _ _ _ _ _ _ _ _ _ _ _ _ _ _ _ _ _ _ _ _ _ _ _ _ _ _ _ _ _ _ _ _ _ _ _ _ _ _ _ _ _ _ _ _ _ _ _ _ _ _ _ _ _ _ _ _ _ _ _ _ _ _ _ _ _ _ _ _ _ _ _ _\n\nself = <selenium.webdriver.support.wait.WebDriverWait (session=\"f1ae769a-04f2-414f-8de2-1e7c11e0e926\")>\nmethod = <function element_to_be_clickable.<locals>._predicate at 0x000001F5AF86B380>, message = ''\n\n    def until(self, method, message: str = \"\"):\n        \"\"\"Calls the method provided with the driver as an argument until the \\\n        return value does not evaluate to ``False``.\n    \n        :param method: callable(WebDriver)\n        :param message: optional message for :exc:`TimeoutException`\n        :returns: the result of the last call to `method`\n        :raises: :exc:`selenium.common.exceptions.TimeoutException` if timeout occurs\n        \"\"\"\n        screen = None\n        stacktrace = None\n    \n        end_time = time.monotonic() + self._timeout\n        while True:\n            try:\n                value = method(self._driver)\n                if value:\n                    return value\n            except self._ignored_exceptions as exc:\n                screen = getattr(exc, \"screen\", None)\n                stacktrace = getattr(exc, \"stacktrace\", None)\n            time.sleep(self._poll)\n            if time.monotonic() > end_time:\n                break\n>       raise TimeoutException(message, screen, stacktrace)\nE       selenium.common.exceptions.TimeoutException: Message:\n\nC:\\Users\\mjasti\\PycharmProjects\\CP StarterKIT Automation\\venv\\Lib\\site-packages\\selenium\\webdriver\\support\\wait.py:95: TimeoutException"}, "start": 1692876185219, "stop": 1692876244352, "uuid": "14392d48-ec4d-4078-b2fc-7fd61be1a564", "historyId": "17763fec2aacaf8b1c441ef7e7a0dbab", "testCaseId": "17763fec2aacaf8b1c441ef7e7a0dbab", "fullName": "TestCases.Loginpage.test_login_page.Test_Login_page#test_login_to_app", "labels": [{"name": "severity", "value": "blocker"}, {"name": "tag", "value": "dependency"}, {"name": "tag", "value": "order(0)"}, {"name": "tag", "value": "smoke"}, {"name": "parentSuite", "value": "TestCases.Loginpage"}, {"name": "suite", "value": "test_login_page"}, {"name": "subSuite", "value": "Test_Login_page"}, {"name": "host", "value": "ENCDAPHYDLT0374"}, {"name": "thread", "value": "8480-MainThread"}, {"name": "framework", "value": "pytest"}, {"name": "language", "value": "cpython3"}, {"name": "package", "value": "TestCases.Loginpage.test_login_page"}]}